Determining if the pthread_create exist failed with the following output:
Change Dir: /home/nvidia/Desktop/CHPC/build/CMakeFiles/CMakeTmp

Run Build Command:"/usr/bin/make" "cmTC_a4397/fast"
/usr/bin/make -f CMakeFiles/cmTC_a4397.dir/build.make CMakeFiles/cmTC_a4397.dir/build
make[1]: Entering directory '/home/nvidia/Desktop/CHPC/build/CMakeFiles/CMakeTmp'
Building CXX object CMakeFiles/cmTC_a4397.dir/CheckSymbolExists.cxx.o
/usr/bin/aarch64-linux-gnu-g++    -std=gnu++11 -o CMakeFiles/cmTC_a4397.dir/CheckSymbolExists.cxx.o -c /home/nvidia/Desktop/CHPC/build/CMakeFiles/CMakeTmp/CheckSymbolExists.cxx
Linking CXX executable cmTC_a4397
/usr/bin/cmake -E cmake_link_script CMakeFiles/cmTC_a4397.dir/link.txt --verbose=1
/usr/bin/aarch64-linux-gnu-g++       CMakeFiles/cmTC_a4397.dir/CheckSymbolExists.cxx.o  -o cmTC_a4397 
CMakeFiles/cmTC_a4397.dir/CheckSymbolExists.cxx.o: In function `main':
CheckSymbolExists.cxx:(.text+0x14): undefined reference to `pthread_create'
CheckSymbolExists.cxx:(.text+0x18): undefined reference to `pthread_create'
collect2: error: ld returned 1 exit status
CMakeFiles/cmTC_a4397.dir/build.make:97: recipe for target 'cmTC_a4397' failed
make[1]: *** [cmTC_a4397] Error 1
make[1]: Leaving directory '/home/nvidia/Desktop/CHPC/build/CMakeFiles/CMakeTmp'
Makefile:126: recipe for target 'cmTC_a4397/fast' failed
make: *** [cmTC_a4397/fast] Error 2

File /home/nvidia/Desktop/CHPC/build/CMakeFiles/CMakeTmp/CheckSymbolExists.cxx:
/* */
#include <pthread.h>

int main(int argc, char** argv)
{
  (void)argv;
#ifndef pthread_create
  return ((int*)(&pthread_create))[argc];
#else
  (void)argc;
  return 0;
#endif
}

Determining if the function pthread_create exists in the pthreads failed with the following output:
Change Dir: /home/nvidia/Desktop/CHPC/build/CMakeFiles/CMakeTmp

Run Build Command:"/usr/bin/make" "cmTC_f44c9/fast"
/usr/bin/make -f CMakeFiles/cmTC_f44c9.dir/build.make CMakeFiles/cmTC_f44c9.dir/build
make[1]: Entering directory '/home/nvidia/Desktop/CHPC/build/CMakeFiles/CMakeTmp'
Building CXX object CMakeFiles/cmTC_f44c9.dir/CheckFunctionExists.cxx.o
/usr/bin/aarch64-linux-gnu-g++    -DCHECK_FUNCTION_EXISTS=pthread_create   -std=gnu++11 -o CMakeFiles/cmTC_f44c9.dir/CheckFunctionExists.cxx.o -c /home/nvidia/Desktop/CHPC/build/CMakeFiles/CheckLibraryExists/CheckFunctionExists.cxx
Linking CXX executable cmTC_f44c9
/usr/bin/cmake -E cmake_link_script CMakeFiles/cmTC_f44c9.dir/link.txt --verbose=1
/usr/bin/aarch64-linux-gnu-g++   -DCHECK_FUNCTION_EXISTS=pthread_create    CMakeFiles/cmTC_f44c9.dir/CheckFunctionExists.cxx.o  -o cmTC_f44c9 -lpthreads 
/usr/bin/ld: cannot find -lpthreads
collect2: error: ld returned 1 exit status
CMakeFiles/cmTC_f44c9.dir/build.make:97: recipe for target 'cmTC_f44c9' failed
make[1]: *** [cmTC_f44c9] Error 1
make[1]: Leaving directory '/home/nvidia/Desktop/CHPC/build/CMakeFiles/CMakeTmp'
Makefile:126: recipe for target 'cmTC_f44c9/fast' failed
make: *** [cmTC_f44c9/fast] Error 2


